<?xml version="1.0" encoding="UTF-8"?>
<!-- Generated by org.testng.reporters.JUnitReportReporter -->
<testsuite ignored="0" hostname="DESKTOP-2MQORBC" failures="0" tests="2" name="com.app.testngprgm.DataProvider_Testng" time="0.028" errors="0" timestamp="08 Apr 2025 06:13:30 GMT" skipped="0">
  <testcase classname="com.app.testngprgm.DataProvider_Testng" name="test1" time="0.005"/>
  <testcase classname="com.app.testngprgm.DataProvider_Testng" name="test1" time="0.023"/>
</testsuite> <!-- com.app.testngprgm.DataProvider_Testng -->
