<?xml version="1.0" encoding="UTF-8"?>
<!-- Generated by org.testng.reporters.JUnitReportReporter -->
<testsuite ignored="2" hostname="DESKTOP-2MQORBC" failures="0" tests="1" name="com.app.testngprgm.Ignore_Test" time="0.024" errors="0" timestamp="04 Apr 2025 08:07:47 GMT" skipped="0">
  <testcase classname="com.app.testngprgm.Ignore_Test" name="pass" time="0.024"/>
  <testcase classname="com.app.testngprgm.Ignore_Test" name="user">
    <skipped/>
  </testcase> <!-- user -->
  <testcase classname="com.app.testngprgm.Ignore_Test" name="login">
    <skipped/>
  </testcase> <!-- login -->
</testsuite> <!-- com.app.testngprgm.Ignore_Test -->
