<?xml version="1.0" encoding="UTF-8"?>
<!-- Generated by org.testng.reporters.JUnitReportReporter -->
<testsuite ignored="0" hostname="DESKTOP-2MQORBC" failures="0" tests="3" name="com.app.testngprgm.MethodsDependon" time="0.037" errors="0" timestamp="04 Apr 2025 07:15:57 GMT" skipped="0">
  <testcase classname="com.app.testngprgm.MethodsDependon" name="login" time="0.024"/>
  <testcase classname="com.app.testngprgm.MethodsDependon" name="user" time="0.009"/>
  <testcase classname="com.app.testngprgm.MethodsDependon" name="pass" time="0.004"/>
</testsuite> <!-- com.app.testngprgm.MethodsDependon -->
