<?xml version="1.0" encoding="UTF-8"?>
<!-- Generated by org.testng.reporters.JUnitReportReporter -->
<testsuite ignored="0" hostname="DESKTOP-2MQORBC" failures="0" tests="7" name="com.app.testngprgm.PrioTest" time="0.120" errors="0" timestamp="02 Apr 2025 18:06:57 GMT" skipped="0">
  <testcase classname="com.app.testngprgm.PrioTest" name="user" time="0.003"/>
  <testcase classname="com.app.testngprgm.PrioTest" name="login" time="0.062"/>
  <testcase classname="com.app.testngprgm.PrioTest" name="user" time="0.006"/>
  <testcase classname="com.app.testngprgm.PrioTest" name="user" time="0.006"/>
  <testcase classname="com.app.testngprgm.PrioTest" name="user" time="0.027"/>
  <testcase classname="com.app.testngprgm.PrioTest" name="user" time="0.007"/>
  <testcase classname="com.app.testngprgm.PrioTest" name="pass" time="0.009"/>
</testsuite> <!-- com.app.testngprgm.PrioTest -->
