<?xml version="1.0" encoding="UTF-8"?>
<!-- Generated by org.testng.reporters.JUnitReportReporter -->
<testsuite ignored="0" hostname="DESKTOP-2MQORBC" failures="0" tests="10" name="com.app.testngprgm.Invocation_Test" time="0.047" errors="0" timestamp="02 Apr 2025 18:08:37 GMT" skipped="0">
  <testcase classname="com.app.testngprgm.Invocation_Test" name="user" time="0.019"/>
  <testcase classname="com.app.testngprgm.Invocation_Test" name="user" time="0.005"/>
  <testcase classname="com.app.testngprgm.Invocation_Test" name="user" time="0.003"/>
  <testcase classname="com.app.testngprgm.Invocation_Test" name="user" time="0.005"/>
  <testcase classname="com.app.testngprgm.Invocation_Test" name="user" time="0.001"/>
  <testcase classname="com.app.testngprgm.Invocation_Test" name="user" time="0.002"/>
  <testcase classname="com.app.testngprgm.Invocation_Test" name="user" time="0.006"/>
  <testcase classname="com.app.testngprgm.Invocation_Test" name="user" time="0.002"/>
  <testcase classname="com.app.testngprgm.Invocation_Test" name="user" time="0.002"/>
  <testcase classname="com.app.testngprgm.Invocation_Test" name="user" time="0.002"/>
</testsuite> <!-- com.app.testngprgm.Invocation_Test -->
