<?xml version="1.0" encoding="UTF-8"?>
<!-- Generated by org.testng.reporters.JUnitReportReporter -->
<testsuite ignored="0" hostname="DESKTOP-2MQORBC" failures="0" tests="2" name="com.app.testngprgm.DatafrmExceltoDP" time="0.032" errors="0" timestamp="08 Apr 2025 16:07:02 GMT" skipped="0">
  <testcase classname="com.app.testngprgm.DatafrmExceltoDP" name="test1" time="0.024"/>
  <testcase classname="com.app.testngprgm.DatafrmExceltoDP" name="test1" time="0.008"/>
</testsuite> <!-- com.app.testngprgm.DatafrmExceltoDP -->
