<?xml version="1.0" encoding="UTF-8"?>
<!-- Generated by org.testng.reporters.JUnitReportReporter -->
<testsuite ignored="0" hostname="DESKTOP-2MQORBC" failures="0" tests="3" name="com.app.testngprgm.TestOne" time="0.012" errors="0" timestamp="01 Apr 2025 18:51:18 GMT" skipped="0">
  <testcase classname="com.app.testngprgm.TestOne" name="user" time="0.006"/>
  <testcase classname="com.app.testngprgm.TestOne" name="login" time="0.003"/>
  <testcase classname="com.app.testngprgm.TestOne" name="pass" time="0.003"/>
</testsuite> <!-- com.app.testngprgm.TestOne -->
