<?xml version="1.0" encoding="UTF-8"?>
<!-- Generated by org.testng.reporters.JUnitReportReporter -->
<testsuite ignored="0" hostname="DESKTOP-2MQORBC" failures="0" tests="3" name="com.app.testngprgm.Parallel_Methods" time="0.114" errors="0" timestamp="05 Apr 2025 15:45:46 GMT" skipped="0">
  <testcase classname="com.app.testngprgm.Parallel_Methods" name="pass" time="0.038"/>
  <testcase classname="com.app.testngprgm.Parallel_Methods" name="user" time="0.030"/>
  <testcase classname="com.app.testngprgm.Parallel_Methods" name="login" time="0.046"/>
</testsuite> <!-- com.app.testngprgm.Parallel_Methods -->
