<?xml version="1.0" encoding="UTF-8"?>
<!-- Generated by org.testng.reporters.JUnitReportReporter -->
<testsuite ignored="0" hostname="DESKTOP-2MQORBC" failures="0" tests="3" name="com.app.testngprgm.ParaTest" time="0.030" errors="0" timestamp="02 Apr 2025 15:01:05 GMT" skipped="0">
  <testcase classname="com.app.testngprgm.ParaTest" name="user" time="0.007"/>
  <testcase classname="com.app.testngprgm.ParaTest" name="pass" time="0.006"/>
  <testcase classname="com.app.testngprgm.ParaTest" name="login" time="0.017"/>
</testsuite> <!-- com.app.testngprgm.ParaTest -->
