<?xml version="1.0" encoding="UTF-8"?>
<!-- Generated by org.testng.reporters.JUnitReportReporter -->
<testsuite ignored="0" hostname="DESKTOP-2MQORBC" failures="0" tests="3" name="com.app.testngprgm.Parallel_class2" time="0.043" errors="0" timestamp="05 Apr 2025 17:44:38 GMT" skipped="0">
  <testcase classname="com.app.testngprgm.Parallel_class2" name="user" time="0.010"/>
  <testcase classname="com.app.testngprgm.Parallel_class2" name="pass" time="0.007"/>
  <testcase classname="com.app.testngprgm.Parallel_class2" name="login" time="0.026"/>
</testsuite> <!-- com.app.testngprgm.Parallel_class2 -->
