<?xml version="1.0" encoding="UTF-8"?>
<!-- Generated by org.testng.reporters.JUnitReportReporter -->
<testsuite ignored="0" hostname="DESKTOP-2MQORBC" failures="0" tests="3" name="com.app.testngprgm.TestTwo" time="0.026" errors="0" timestamp="01 Apr 2025 18:51:18 GMT" skipped="0">
  <testcase classname="com.app.testngprgm.TestTwo" name="test1" time="0.019"/>
  <testcase classname="com.app.testngprgm.TestTwo" name="test3" time="0.003"/>
  <testcase classname="com.app.testngprgm.TestTwo" name="test2" time="0.004"/>
</testsuite> <!-- com.app.testngprgm.TestTwo -->
